<?xml version="1.0" encoding="UTF-8"?>
<testng-results ignored="0" total="18" passed="18" failed="0" skipped="0">
  <reporter-output>
  </reporter-output>
  <suite started-at="2024-11-09T03:11:55 BRT" name="Default suite" finished-at="2024-11-09T03:11:56 BRT" duration-ms="1637">
    <groups>
    </groups>
    <test started-at="2024-11-09T03:11:55 BRT" name="Default test" finished-at="2024-11-09T03:11:56 BRT" duration-ms="1637">
      <class name="com.application.signup.api.ApplicationSignupApiApplicationTests">
        <test-method is-config="true" signature="beforeTest()[pri:0, instance:com.application.signup.api.ApplicationSignupApiApplicationTests@13fd2ccd]" started-at="2024-11-09T03:11:55 BRT" name="beforeTest" finished-at="2024-11-09T03:11:55 BRT" duration-ms="204" status="PASS">
          <reporter-output>
          </reporter-output>
        </test-method> <!-- beforeTest -->
        <test-method signature="signupCreateUserFailureDueEmptyEmail()[pri:0, instance:com.application.signup.api.ApplicationSignupApiApplicationTests@13fd2ccd]" started-at="2024-11-09T03:11:55 BRT" name="signupCreateUserFailureDueEmptyEmail" finished-at="2024-11-09T03:11:55 BRT" duration-ms="577" status="PASS">
          <reporter-output>
          </reporter-output>
        </test-method> <!-- signupCreateUserFailureDueEmptyEmail -->
        <test-method signature="signupCreateUserFailureDueEmptyPassword()[pri:0, instance:com.application.signup.api.ApplicationSignupApiApplicationTests@13fd2ccd]" started-at="2024-11-09T03:11:55 BRT" name="signupCreateUserFailureDueEmptyPassword" finished-at="2024-11-09T03:11:55 BRT" duration-ms="21" status="PASS">
          <reporter-output>
          </reporter-output>
        </test-method> <!-- signupCreateUserFailureDueEmptyPassword -->
        <test-method signature="signupCreateUserFailureDueEmptyUsername()[pri:0, instance:com.application.signup.api.ApplicationSignupApiApplicationTests@13fd2ccd]" started-at="2024-11-09T03:11:55 BRT" name="signupCreateUserFailureDueEmptyUsername" finished-at="2024-11-09T03:11:55 BRT" duration-ms="11" status="PASS">
          <reporter-output>
          </reporter-output>
        </test-method> <!-- signupCreateUserFailureDueEmptyUsername -->
        <test-method signature="signupCreateUserFailureDueNotWellFormedEmail()[pri:0, instance:com.application.signup.api.ApplicationSignupApiApplicationTests@13fd2ccd]" started-at="2024-11-09T03:11:55 BRT" name="signupCreateUserFailureDueNotWellFormedEmail" finished-at="2024-11-09T03:11:55 BRT" duration-ms="11" status="PASS">
          <reporter-output>
          </reporter-output>
        </test-method> <!-- signupCreateUserFailureDueNotWellFormedEmail -->
        <test-method signature="signupCreateUserFailureDueWrongPasswordCharactersSize()[pri:0, instance:com.application.signup.api.ApplicationSignupApiApplicationTests@13fd2ccd]" started-at="2024-11-09T03:11:55 BRT" name="signupCreateUserFailureDueWrongPasswordCharactersSize" finished-at="2024-11-09T03:11:55 BRT" duration-ms="11" status="PASS">
          <reporter-output>
          </reporter-output>
        </test-method> <!-- signupCreateUserFailureDueWrongPasswordCharactersSize -->
        <test-method signature="signupCreateUserFailureDueWrongUsernameCharactersSize()[pri:0, instance:com.application.signup.api.ApplicationSignupApiApplicationTests@13fd2ccd]" started-at="2024-11-09T03:11:55 BRT" name="signupCreateUserFailureDueWrongUsernameCharactersSize" finished-at="2024-11-09T03:11:56 BRT" duration-ms="10" status="PASS">
          <reporter-output>
          </reporter-output>
        </test-method> <!-- signupCreateUserFailureDueWrongUsernameCharactersSize -->
        <test-method signature="signupCreateUserFailurePasswordDueMissingLowercaseCharacter()[pri:0, instance:com.application.signup.api.ApplicationSignupApiApplicationTests@13fd2ccd]" started-at="2024-11-09T03:11:56 BRT" name="signupCreateUserFailurePasswordDueMissingLowercaseCharacter" finished-at="2024-11-09T03:11:56 BRT" duration-ms="11" status="PASS">
          <reporter-output>
          </reporter-output>
        </test-method> <!-- signupCreateUserFailurePasswordDueMissingLowercaseCharacter -->
        <test-method signature="signupCreateUserFailurePasswordDueMissingNumericCharacter()[pri:0, instance:com.application.signup.api.ApplicationSignupApiApplicationTests@13fd2ccd]" started-at="2024-11-09T03:11:56 BRT" name="signupCreateUserFailurePasswordDueMissingNumericCharacter" finished-at="2024-11-09T03:11:56 BRT" duration-ms="11" status="PASS">
          <reporter-output>
          </reporter-output>
        </test-method> <!-- signupCreateUserFailurePasswordDueMissingNumericCharacter -->
        <test-method signature="signupCreateUserFailurePasswordDueMissingSpecialCharacter()[pri:0, instance:com.application.signup.api.ApplicationSignupApiApplicationTests@13fd2ccd]" started-at="2024-11-09T03:11:56 BRT" name="signupCreateUserFailurePasswordDueMissingSpecialCharacter" finished-at="2024-11-09T03:11:56 BRT" duration-ms="15" status="PASS">
          <reporter-output>
          </reporter-output>
        </test-method> <!-- signupCreateUserFailurePasswordDueMissingSpecialCharacter -->
        <test-method signature="signupCreateUserFailurePasswordDueMissingUppercaseCharacter()[pri:0, instance:com.application.signup.api.ApplicationSignupApiApplicationTests@13fd2ccd]" started-at="2024-11-09T03:11:56 BRT" name="signupCreateUserFailurePasswordDueMissingUppercaseCharacter" finished-at="2024-11-09T03:11:56 BRT" duration-ms="15" status="PASS">
          <reporter-output>
          </reporter-output>
        </test-method> <!-- signupCreateUserFailurePasswordDueMissingUppercaseCharacter -->
        <test-method signature="signupCheckIfThereIsNoUserRegistered()[pri:1, instance:com.application.signup.api.ApplicationSignupApiApplicationTests@13fd2ccd]" started-at="2024-11-09T03:11:56 BRT" name="signupCheckIfThereIsNoUserRegistered" finished-at="2024-11-09T03:11:56 BRT" duration-ms="356" status="PASS">
          <reporter-output>
          </reporter-output>
        </test-method> <!-- signupCheckIfThereIsNoUserRegistered -->
        <test-method signature="signupCreateUserSuccessDueFilledUsernameEmailPassword()[pri:2, instance:com.application.signup.api.ApplicationSignupApiApplicationTests@13fd2ccd]" started-at="2024-11-09T03:11:56 BRT" name="signupCreateUserSuccessDueFilledUsernameEmailPassword" finished-at="2024-11-09T03:11:56 BRT" duration-ms="193" status="PASS">
          <reporter-output>
          </reporter-output>
        </test-method> <!-- signupCreateUserSuccessDueFilledUsernameEmailPassword -->
        <test-method signature="signupCreateUserFailedDueUserDuplicated()[pri:3, instance:com.application.signup.api.ApplicationSignupApiApplicationTests@13fd2ccd]" started-at="2024-11-09T03:11:56 BRT" name="signupCreateUserFailedDueUserDuplicated" finished-at="2024-11-09T03:11:56 BRT" duration-ms="81" status="PASS">
          <reporter-output>
          </reporter-output>
        </test-method> <!-- signupCreateUserFailedDueUserDuplicated -->
        <test-method signature="signupCreateUserFailedDueEmailDuplicated()[pri:4, instance:com.application.signup.api.ApplicationSignupApiApplicationTests@13fd2ccd]" started-at="2024-11-09T03:11:56 BRT" name="signupCreateUserFailedDueEmailDuplicated" finished-at="2024-11-09T03:11:56 BRT" duration-ms="76" status="PASS">
          <reporter-output>
          </reporter-output>
        </test-method> <!-- signupCreateUserFailedDueEmailDuplicated -->
        <test-method signature="signupCreateUserFailedDueUsernameAlreadyInUse()[pri:5, instance:com.application.signup.api.ApplicationSignupApiApplicationTests@13fd2ccd]" started-at="2024-11-09T03:11:56 BRT" name="signupCreateUserFailedDueUsernameAlreadyInUse" finished-at="2024-11-09T03:11:56 BRT" duration-ms="80" status="PASS">
          <reporter-output>
          </reporter-output>
        </test-method> <!-- signupCreateUserFailedDueUsernameAlreadyInUse -->
        <test-method signature="signupCreateUserFailedDueEmailAlreadyInUse()[pri:6, instance:com.application.signup.api.ApplicationSignupApiApplicationTests@13fd2ccd]" started-at="2024-11-09T03:11:56 BRT" name="signupCreateUserFailedDueEmailAlreadyInUse" finished-at="2024-11-09T03:11:56 BRT" duration-ms="77" status="PASS">
          <reporter-output>
          </reporter-output>
        </test-method> <!-- signupCreateUserFailedDueEmailAlreadyInUse -->
        <test-method signature="signupFindAllUsers()[pri:7, instance:com.application.signup.api.ApplicationSignupApiApplicationTests@13fd2ccd]" started-at="2024-11-09T03:11:56 BRT" name="signupFindAllUsers" finished-at="2024-11-09T03:11:56 BRT" duration-ms="20" status="PASS">
          <reporter-output>
          </reporter-output>
        </test-method> <!-- signupFindAllUsers -->
        <test-method signature="signupFindUserById()[pri:8, instance:com.application.signup.api.ApplicationSignupApiApplicationTests@13fd2ccd]" started-at="2024-11-09T03:11:56 BRT" name="signupFindUserById" finished-at="2024-11-09T03:11:56 BRT" duration-ms="18" status="PASS">
          <reporter-output>
          </reporter-output>
        </test-method> <!-- signupFindUserById -->
        <test-method is-config="true" signature="signupDeleteUserSuccess()[pri:0, instance:com.application.signup.api.ApplicationSignupApiApplicationTests@13fd2ccd]" started-at="2024-11-09T03:11:57 BRT" name="signupDeleteUserSuccess" finished-at="2024-11-09T03:11:57 BRT" duration-ms="14" status="PASS">
          <reporter-output>
          </reporter-output>
        </test-method> <!-- signupDeleteUserSuccess -->
      </class> <!-- com.application.signup.api.ApplicationSignupApiApplicationTests -->
    </test> <!-- Default test -->
  </suite> <!-- Default suite -->
</testng-results>
